\BOOKMARK [1][-]{Doc-Start}{\376\377\004\022\004\022\004\025\004\024\004\025\004\035\004\030\004\025}{}% 1
\BOOKMARK [1][-]{section.1}{\376\377\004\020\004\075\004\060\004\073\004\070\004\102\004\070\004\107\004\065\004\101\004\072\004\060\004\117\000\040\004\107\004\060\004\101\004\102\004\114}{}% 2
\BOOKMARK [2][-]{subsection.1.1}{\376\377\004\041\004\076\004\101\004\102\004\060\004\062\004\073\004\117\004\116\004\111\004\070\004\065\000\040\004\072\004\076\004\074\004\077\004\070\004\073\004\117\004\102\004\076\004\100\004\060}{section.1}% 3
\BOOKMARK [3][-]{subsubsection.1.1.1}{\376\377\004\037\004\100\004\065\004\077\004\100\004\076\004\106\004\065\004\101\004\101\004\076\004\100}{subsection.1.1}% 4
\BOOKMARK [3][-]{subsubsection.1.1.2}{\376\377\004\033\004\065\004\072\004\101\004\070\004\107\004\065\004\101\004\072\004\070\004\071\000\040\004\060\004\075\004\060\004\073\004\070\004\067\004\060\004\102\004\076\004\100}{subsection.1.1}% 5
\BOOKMARK [3][-]{subsubsection.1.1.3}{\376\377\004\041\004\070\004\075\004\102\004\060\004\072\004\101\004\070\004\107\004\065\004\101\004\072\004\070\004\071\000\040\004\060\004\075\004\060\004\073\004\070\004\067\004\060\004\102\004\076\004\100}{subsection.1.1}% 6
\BOOKMARK [3][-]{subsubsection.1.1.4}{\376\377\004\041\004\065\004\074\004\060\004\075\004\102\004\070\004\107\004\065\004\101\004\072\004\070\004\071\000\040\004\060\004\075\004\060\004\073\004\070\004\067\004\060\004\102\004\076\004\100}{subsection.1.1}% 7
\BOOKMARK [3][-]{subsubsection.1.1.5}{\376\377\004\023\004\065\004\075\004\065\004\100\004\060\004\106\004\070\004\117\000\040\004\072\004\076\004\064\004\060}{subsection.1.1}% 8
\BOOKMARK [2][-]{subsection.1.2}{\376\377\004\034\004\065\004\102\004\076\004\064\004\113\000\040\004\100\004\065\004\060\004\073\004\070\004\067\004\060\004\106\004\070\004\070\000\040\004\073\004\065\004\072\004\101\004\070\004\107\004\065\004\101\004\072\004\076\004\063\004\076\000\040\004\070\000\040\004\101\004\070\004\075\004\102\004\060\004\072\004\101\004\070\004\107\004\065\004\101\004\072\004\076\004\063\004\076\000\040\004\060\004\075\004\060\004\073\004\070\004\067\004\060\004\102\004\076\004\100\004\076\004\062}{section.1}% 9
\BOOKMARK [3][-]{subsubsection.1.2.1}{\376\377\004\023\004\065\004\075\004\065\004\100\004\060\004\102\004\076\004\100\004\113\000\040\004\073\004\065\004\072\004\101\004\070\004\107\004\065\004\101\004\072\004\076\004\063\004\076\000\040\004\060\004\075\004\060\004\073\004\070\004\067\004\060\004\102\004\076\004\100\004\060}{subsection.1.2}% 10
\BOOKMARK [3][-]{subsubsection.1.2.2}{\376\377\004\023\004\065\004\075\004\065\004\100\004\060\004\102\004\076\004\100\004\113\000\040\004\101\004\070\004\075\004\102\004\060\004\072\004\101\004\070\004\107\004\065\004\101\004\072\004\076\004\063\004\076\000\040\004\060\004\075\004\060\004\073\004\070\004\067\004\060\004\102\004\076\004\100\004\060}{subsection.1.2}% 11
\BOOKMARK [2][-]{subsection.1.3}{\376\377\000L\000L\000V\000M}{section.1}% 12
\BOOKMARK [1][-]{section.2}{\376\377\004\032\004\076\004\075\004\101\004\102\004\100\004\103\004\072\004\102\004\076\004\100\004\101\004\072\004\060\004\117\000\040\004\107\004\060\004\101\004\102\004\114}{}% 13
\BOOKMARK [2][-]{subsection.2.1}{\376\377\000I\000D\000E\000F\0000}{section.2}% 14
\BOOKMARK [2][-]{subsection.2.2}{\376\377\004\057\004\067\004\113\004\072\000\040\000O\000b\000e\000r\000o\000n}{section.2}% 15
\BOOKMARK [2][-]{subsection.2.3}{\376\377\004\033\004\065\004\072\004\101\004\070\004\107\004\065\004\101\004\072\004\070\004\071\000\040\004\070\000\040\004\101\004\070\004\075\004\102\004\060\004\072\004\101\004\070\004\107\004\065\004\101\004\072\004\070\004\071\000\040\004\060\004\075\004\060\004\073\004\070\004\067\004\060\004\102\004\076\004\100\004\113}{section.2}% 16
\BOOKMARK [2][-]{subsection.2.4}{\376\377\004\041\004\065\004\074\004\060\004\075\004\102\004\070\004\107\004\065\004\101\004\072\004\070\004\071\000\040\004\060\004\075\004\060\004\073\004\070\004\067}{section.2}% 17
\BOOKMARK [1][-]{section.3}{\376\377\004\042\004\065\004\105\004\075\004\076\004\073\004\076\004\063\004\070\004\107\004\065\004\101\004\072\004\060\004\117\000\040\004\107\004\060\004\101\004\102\004\114}{}% 18
\BOOKMARK [2][-]{subsection.3.1}{\376\377\004\022\004\113\004\061\004\076\004\100\000\040\004\101\004\100\004\065\004\064\004\101\004\102\004\062\000\040\004\077\004\100\004\076\004\063\004\100\004\060\004\074\004\074\004\075\004\076\004\071\000\040\004\100\004\065\004\060\004\073\004\070\004\067\004\060\004\106\004\070\004\070}{section.3}% 19
\BOOKMARK [2][-]{subsection.3.2}{\376\377\004\041\004\063\004\065\004\075\004\065\004\100\004\070\004\100\004\076\004\062\004\060\004\075\004\075\004\113\004\065\000\040\004\072\004\073\004\060\004\101\004\101\004\113\000\040\004\060\004\075\004\060\004\073\004\070\004\067\004\060\004\102\004\076\004\100\004\076\004\062}{section.3}% 20
\BOOKMARK [2][-]{subsection.3.3}{\376\377\004\042\004\065\004\101\004\102\004\070\004\100\004\076\004\062\004\060\004\075\004\070\004\065}{section.3}% 21
\BOOKMARK [2][-]{subsection.3.4}{\376\377\004\037\004\100\004\070\004\074\004\065\004\100\000\040\004\100\004\060\004\061\004\076\004\102\004\113\000\040\004\077\004\100\004\076\004\063\004\100\004\060\004\074\004\074\004\113}{section.3}% 22
\BOOKMARK [1][-]{lstnumber.4.46}{\376\377\004\027\004\020\004\032\004\033\004\056\004\047\004\025\004\035\004\030\004\025}{}% 23
\BOOKMARK [1][-]{lstnumber.4.46}{\376\377\004\041\004\037\004\030\004\041\004\036\004\032\000\040\004\030\004\041\004\037\004\036\004\033\004\054\004\027\004\036\004\022\004\020\004\035\004\035\004\053\004\045\000\040\004\030\004\041\004\042\004\036\004\047\004\035\004\030\004\032\004\036\004\022}{}% 24
\BOOKMARK [1][-]{lstnumber.4.46}{\376\377\004\037\004\040\004\030\004\033\004\036\004\026\004\025\004\035\004\030\004\025\000\040\000A}{}% 25
